Analysis & Synthesis report for cpuVERILOG
Fri Jun 28 21:13:48 2019
Quartus II Version 9.1 Build 350 03/24/2010 Service Pack 2 SJ Web Edition


---------------------
; Table of Contents ;
---------------------
  1. Legal Notice
  2. Analysis & Synthesis Summary
  3. Analysis & Synthesis Settings
  4. Parallel Compilation
  5. Analysis & Synthesis Source Files Read
  6. Analysis & Synthesis Resource Usage Summary
  7. Analysis & Synthesis Resource Utilization by Entity
  8. User-Specified and Inferred Latches
  9. Registers Removed During Synthesis
 10. Removed Registers Triggering Further Register Optimizations
 11. General Register Statistics
 12. Multiplexer Restructuring Statistics (Restructuring Performed)
 13. Parameter Settings for User Entity Instance: UnidadeDeControle:controle
 14. Parameter Settings for User Entity Instance: RegistratorX:regx
 15. Parameter Settings for User Entity Instance: RegistratorY:regy
 16. Parameter Settings for User Entity Instance: RegistratorZ:regz
 17. Port Connectivity Checks: "memory:memoria"
 18. Analysis & Synthesis Messages



----------------
; Legal Notice ;
----------------
Copyright (C) 1991-2010 Altera Corporation
Your use of Altera Corporation's design tools, logic functions 
and other software and tools, and its AMPP partner logic 
functions, and any output files from any of the foregoing 
(including device programming or simulation files), and any 
associated documentation or information are expressly subject 
to the terms and conditions of the Altera Program License 
Subscription Agreement, Altera MegaCore Function License 
Agreement, or other applicable license agreement, including, 
without limitation, that your use is for the sole purpose of 
programming logic devices manufactured by Altera and sold by 
Altera or its authorized distributors.  Please refer to the 
applicable agreement for further details.



+------------------------------------------------------------------------------+
; Analysis & Synthesis Summary                                                 ;
+-------------------------------+----------------------------------------------+
; Analysis & Synthesis Status   ; Successful - Fri Jun 28 21:13:48 2019        ;
; Quartus II Version            ; 9.1 Build 350 03/24/2010 SP 2 SJ Web Edition ;
; Revision Name                 ; cpuVERILOG                                   ;
; Top-level Entity Name         ; cpu                                          ;
; Family                        ; Stratix II                                   ;
; Logic utilization             ; N/A                                          ;
;     Combinational ALUTs       ; 30                                           ;
;     Dedicated logic registers ; 19                                           ;
; Total registers               ; 19                                           ;
; Total pins                    ; 41                                           ;
; Total virtual pins            ; 0                                            ;
; Total block memory bits       ; 0                                            ;
; DSP block 9-bit elements      ; 0                                            ;
; Total PLLs                    ; 0                                            ;
; Total DLLs                    ; 0                                            ;
+-------------------------------+----------------------------------------------+


+----------------------------------------------------------------------------------------------------------------------+
; Analysis & Synthesis Settings                                                                                        ;
+----------------------------------------------------------------------------+--------------------+--------------------+
; Option                                                                     ; Setting            ; Default Value      ;
+----------------------------------------------------------------------------+--------------------+--------------------+
; Top-level entity name                                                      ; cpu                ; cpuVERILOG         ;
; Family name                                                                ; Stratix II         ; Stratix II         ;
; Use Generated Physical Constraints File                                    ; Off                ;                    ;
; Use smart compilation                                                      ; Off                ; Off                ;
; Enable parallel Assembler and TimeQuest Timing Analyzer during compilation ; On                 ; On                 ;
; Enable compact report table                                                ; Off                ; Off                ;
; Restructure Multiplexers                                                   ; Auto               ; Auto               ;
; Create Debugging Nodes for IP Cores                                        ; Off                ; Off                ;
; Preserve fewer node names                                                  ; On                 ; On                 ;
; Disable OpenCore Plus hardware evaluation                                  ; Off                ; Off                ;
; Verilog Version                                                            ; Verilog_2001       ; Verilog_2001       ;
; VHDL Version                                                               ; VHDL_1993          ; VHDL_1993          ;
; State Machine Processing                                                   ; Auto               ; Auto               ;
; Safe State Machine                                                         ; Off                ; Off                ;
; Extract Verilog State Machines                                             ; On                 ; On                 ;
; Extract VHDL State Machines                                                ; On                 ; On                 ;
; Ignore Verilog initial constructs                                          ; Off                ; Off                ;
; Iteration limit for constant Verilog loops                                 ; 5000               ; 5000               ;
; Iteration limit for non-constant Verilog loops                             ; 250                ; 250                ;
; Add Pass-Through Logic to Inferred RAMs                                    ; On                 ; On                 ;
; Parallel Synthesis                                                         ; On                 ; On                 ;
; DSP Block Balancing                                                        ; Auto               ; Auto               ;
; NOT Gate Push-Back                                                         ; On                 ; On                 ;
; Power-Up Don't Care                                                        ; On                 ; On                 ;
; Remove Redundant Logic Cells                                               ; Off                ; Off                ;
; Remove Duplicate Registers                                                 ; On                 ; On                 ;
; Ignore CARRY Buffers                                                       ; Off                ; Off                ;
; Ignore CASCADE Buffers                                                     ; Off                ; Off                ;
; Ignore GLOBAL Buffers                                                      ; Off                ; Off                ;
; Ignore ROW GLOBAL Buffers                                                  ; Off                ; Off                ;
; Ignore LCELL Buffers                                                       ; Off                ; Off                ;
; Ignore SOFT Buffers                                                        ; On                 ; On                 ;
; Limit AHDL Integers to 32 Bits                                             ; Off                ; Off                ;
; Optimization Technique                                                     ; Balanced           ; Balanced           ;
; Carry Chain Length                                                         ; 70                 ; 70                 ;
; Auto Carry Chains                                                          ; On                 ; On                 ;
; Auto Open-Drain Pins                                                       ; On                 ; On                 ;
; Perform WYSIWYG Primitive Resynthesis                                      ; Off                ; Off                ;
; Auto ROM Replacement                                                       ; On                 ; On                 ;
; Auto RAM Replacement                                                       ; On                 ; On                 ;
; Auto DSP Block Replacement                                                 ; On                 ; On                 ;
; Auto Shift Register Replacement                                            ; Auto               ; Auto               ;
; Auto Clock Enable Replacement                                              ; On                 ; On                 ;
; Strict RAM Replacement                                                     ; Off                ; Off                ;
; Allow Synchronous Control Signals                                          ; On                 ; On                 ;
; Force Use of Synchronous Clear Signals                                     ; Off                ; Off                ;
; Auto RAM Block Balancing                                                   ; On                 ; On                 ;
; Auto RAM to Logic Cell Conversion                                          ; Off                ; Off                ;
; Auto Resource Sharing                                                      ; Off                ; Off                ;
; Allow Any RAM Size For Recognition                                         ; Off                ; Off                ;
; Allow Any ROM Size For Recognition                                         ; Off                ; Off                ;
; Allow Any Shift Register Size For Recognition                              ; Off                ; Off                ;
; Use LogicLock Constraints during Resource Balancing                        ; On                 ; On                 ;
; Ignore translate_off and synthesis_off directives                          ; Off                ; Off                ;
; Timing-Driven Synthesis                                                    ; Off                ; Off                ;
; Show Parameter Settings Tables in Synthesis Report                         ; On                 ; On                 ;
; Ignore Maximum Fan-Out Assignments                                         ; Off                ; Off                ;
; Synchronization Register Chain Length                                      ; 2                  ; 2                  ;
; PowerPlay Power Optimization                                               ; Normal compilation ; Normal compilation ;
; HDL message level                                                          ; Level2             ; Level2             ;
; Suppress Register Optimization Related Messages                            ; Off                ; Off                ;
; Number of Removed Registers Reported in Synthesis Report                   ; 5000               ; 5000               ;
; Number of Inverted Registers Reported in Synthesis Report                  ; 100                ; 100                ;
; Clock MUX Protection                                                       ; On                 ; On                 ;
; Auto Gated Clock Conversion                                                ; Off                ; Off                ;
; Block Design Naming                                                        ; Auto               ; Auto               ;
; SDC constraint protection                                                  ; Off                ; Off                ;
; Synthesis Effort                                                           ; Auto               ; Auto               ;
; Shift Register Replacement - Allow Asynchronous Clear Signal               ; On                 ; On                 ;
; Analysis & Synthesis Message Level                                         ; Medium             ; Medium             ;
; Disable Register Merging Across Hierarchies                                ; Auto               ; Auto               ;
; Resource Aware Inference For Block RAM                                     ; On                 ; On                 ;
+----------------------------------------------------------------------------+--------------------+--------------------+


Parallel compilation was disabled, but you have multiple processors available. Enable parallel compilation to reduce compilation time.
+-------------------------------------+
; Parallel Compilation                ;
+----------------------------+--------+
; Processors                 ; Number ;
+----------------------------+--------+
; Number detected on machine ; 4      ;
; Maximum allowed            ; 1      ;
+----------------------------+--------+


+-----------------------------------------------------------------------------------------------------------------------------------------------------------------+
; Analysis & Synthesis Source Files Read                                                                                                                          ;
+----------------------------------+-----------------+------------------------+-----------------------------------------------------------------------------------+
; File Name with User-Entered Path ; Used in Netlist ; File Type              ; File Name with Absolute Path                                                      ;
+----------------------------------+-----------------+------------------------+-----------------------------------------------------------------------------------+
; ula.v                            ; yes             ; User Verilog HDL File  ; C:/Users/Ishizuo/Documents/Faculdade/SD/cpu_2019.1/cpuVERILOG/ula.v               ;
; UnidadeDeControle.v              ; yes             ; User Verilog HDL File  ; C:/Users/Ishizuo/Documents/Faculdade/SD/cpu_2019.1/cpuVERILOG/UnidadeDeControle.v ;
; RegistratorX.v                   ; yes             ; User Verilog HDL File  ; C:/Users/Ishizuo/Documents/Faculdade/SD/cpu_2019.1/cpuVERILOG/RegistratorX.v      ;
; RegistratorY.v                   ; yes             ; User Verilog HDL File  ; C:/Users/Ishizuo/Documents/Faculdade/SD/cpu_2019.1/cpuVERILOG/RegistratorY.v      ;
; RegistratorZ.v                   ; yes             ; User Verilog HDL File  ; C:/Users/Ishizuo/Documents/Faculdade/SD/cpu_2019.1/cpuVERILOG/RegistratorZ.v      ;
; memory.v                         ; yes             ; User Verilog HDL File  ; C:/Users/Ishizuo/Documents/Faculdade/SD/cpu_2019.1/cpuVERILOG/memory.v            ;
; cpu.v                            ; yes             ; User Verilog HDL File  ; C:/Users/Ishizuo/Documents/Faculdade/SD/cpu_2019.1/cpuVERILOG/cpu.v               ;
+----------------------------------+-----------------+------------------------+-----------------------------------------------------------------------------------+


+-------------------------------------------------------+
; Analysis & Synthesis Resource Usage Summary           ;
+-----------------------------------------------+-------+
; Resource                                      ; Usage ;
+-----------------------------------------------+-------+
; Estimated ALUTs Used                          ; 30    ;
; Dedicated logic registers                     ; 19    ;
;                                               ;       ;
; Estimated ALUTs Unavailable                   ; 2     ;
;                                               ;       ;
; Total combinational functions                 ; 30    ;
; Combinational ALUT usage by number of inputs  ;       ;
;     -- 7 input functions                      ; 0     ;
;     -- 6 input functions                      ; 2     ;
;     -- 5 input functions                      ; 2     ;
;     -- 4 input functions                      ; 6     ;
;     -- <=3 input functions                    ; 20    ;
;                                               ;       ;
; Combinational ALUTs by mode                   ;       ;
;     -- normal mode                            ; 30    ;
;     -- extended LUT mode                      ; 0     ;
;     -- arithmetic mode                        ; 0     ;
;     -- shared arithmetic mode                 ; 0     ;
;                                               ;       ;
; Estimated ALUT/register pairs used            ; 32    ;
;                                               ;       ;
; Total registers                               ; 19    ;
;     -- Dedicated logic registers              ; 19    ;
;     -- I/O registers                          ; 0     ;
;                                               ;       ;
; Estimated ALMs:  partially or completely used ; 16    ;
;                                               ;       ;
; I/O pins                                      ; 41    ;
; Maximum fan-out node                          ; clk   ;
; Maximum fan-out                               ; 19    ;
; Total fan-out                                 ; 176   ;
; Average fan-out                               ; 1.96  ;
+-----------------------------------------------+-------+


+----------------------------------------------------------------------------------------------------------------------------------------------------------------------------------------------------------------+
; Analysis & Synthesis Resource Utilization by Entity                                                                                                                                                            ;
+---------------------------------+-------------------+--------------+-------------------+--------------+---------+-----------+-----------+------+--------------+---------------------------------+--------------+
; Compilation Hierarchy Node      ; LC Combinationals ; LC Registers ; Block Memory Bits ; DSP Elements ; DSP 9x9 ; DSP 18x18 ; DSP 36x36 ; Pins ; Virtual Pins ; Full Hierarchy Name             ; Library Name ;
+---------------------------------+-------------------+--------------+-------------------+--------------+---------+-----------+-----------+------+--------------+---------------------------------+--------------+
; |cpu                            ; 30 (4)            ; 19 (4)       ; 0                 ; 0            ; 0       ; 0         ; 0         ; 41   ; 0            ; |cpu                            ; work         ;
;    |RegistratorX:regx|          ; 0 (0)             ; 2 (2)        ; 0                 ; 0            ; 0       ; 0         ; 0         ; 0    ; 0            ; |cpu|RegistratorX:regx          ; work         ;
;    |RegistratorY:regy|          ; 6 (6)             ; 4 (4)        ; 0                 ; 0            ; 0       ; 0         ; 0         ; 0    ; 0            ; |cpu|RegistratorY:regy          ;              ;
;    |RegistratorZ:regz|          ; 5 (5)             ; 4 (4)        ; 0                 ; 0            ; 0       ; 0         ; 0         ; 0    ; 0            ; |cpu|RegistratorZ:regz          ;              ;
;    |UnidadeDeControle:controle| ; 5 (5)             ; 5 (5)        ; 0                 ; 0            ; 0       ; 0         ; 0         ; 0    ; 0            ; |cpu|UnidadeDeControle:controle ;              ;
;    |memory:memoria|             ; 7 (7)             ; 0 (0)        ; 0                 ; 0            ; 0       ; 0         ; 0         ; 0    ; 0            ; |cpu|memory:memoria             ;              ;
;    |ula:ulaula|                 ; 3 (3)             ; 0 (0)        ; 0                 ; 0            ; 0       ; 0         ; 0         ; 0    ; 0            ; |cpu|ula:ulaula                 ; work         ;
+---------------------------------+-------------------+--------------+-------------------+--------------+---------+-----------+-----------+------+--------------+---------------------------------+--------------+
Note: For table entries with two numbers listed, the numbers in parentheses indicate the number of resources of the given type used by the specific entity alone. The numbers listed outside of parentheses indicate the total resources of the given type used by the specific entity and all of its sub-entities in the hierarchy.


+---------------------------------------------------------------------------------------------------+
; User-Specified and Inferred Latches                                                               ;
+----------------------------------------------------+---------------------+------------------------+
; Latch Name                                         ; Latch Enable Signal ; Free of Timing Hazards ;
+----------------------------------------------------+---------------------+------------------------+
; memory:memoria|Opcode[0]                           ; memory:memoria|Mux7 ; yes                    ;
; memory:memoria|Opcode[1]                           ; memory:memoria|Mux7 ; yes                    ;
; memory:memoria|Opcode[2]                           ; memory:memoria|Mux7 ; yes                    ;
; memory:memoria|in[1]                               ; memory:memoria|Mux2 ; yes                    ;
; memory:memoria|in[2]                               ; memory:memoria|Mux2 ; yes                    ;
; Number of user-specified and inferred latches = 5  ;                     ;                        ;
+----------------------------------------------------+---------------------+------------------------+
Note: All latches listed above may not be present at the end of synthesis due to various synthesis optimizations.


+--------------------------------------------------------------------------------------+
; Registers Removed During Synthesis                                                   ;
+---------------------------------------+----------------------------------------------+
; Register name                         ; Reason for Removal                           ;
+---------------------------------------+----------------------------------------------+
; UnidadeDeControle:controle|tula[0..2] ; Stuck at GND due to stuck port data_in       ;
; UnidadeDeControle:controle|Tz[1]      ; Stuck at GND due to stuck port data_in       ;
; UnidadeDeControle:controle|Tx[1..2]   ; Stuck at GND due to stuck port data_in       ;
; RegistratorX:regx|outx[0,3]           ; Stuck at GND due to stuck port data_in       ;
; UnidadeDeControle:controle|Ty[2]      ; Merged with UnidadeDeControle:controle|Tz[2] ;
; Total Number of Removed Registers = 9 ;                                              ;
+---------------------------------------+----------------------------------------------+


+---------------------------------------------------------------------------------------------------------------------+
; Removed Registers Triggering Further Register Optimizations                                                         ;
+----------------------------------+---------------------------+------------------------------------------------------+
; Register name                    ; Reason for Removal        ; Registers Removed due to This Register               ;
+----------------------------------+---------------------------+------------------------------------------------------+
; UnidadeDeControle:controle|Tx[1] ; Stuck at GND              ; RegistratorX:regx|outx[0], RegistratorX:regx|outx[3] ;
;                                  ; due to stuck port data_in ;                                                      ;
+----------------------------------+---------------------------+------------------------------------------------------+


+------------------------------------------------------+
; General Register Statistics                          ;
+----------------------------------------------+-------+
; Statistic                                    ; Value ;
+----------------------------------------------+-------+
; Total registers                              ; 19    ;
; Number of registers using Synchronous Clear  ; 0     ;
; Number of registers using Synchronous Load   ; 0     ;
; Number of registers using Asynchronous Clear ; 0     ;
; Number of registers using Asynchronous Load  ; 0     ;
; Number of registers using Clock Enable       ; 13    ;
; Number of registers using Preset             ; 0     ;
+----------------------------------------------+-------+


+-----------------------------------------------------------------------------------------------------------------------------------------------------+
; Multiplexer Restructuring Statistics (Restructuring Performed)                                                                                      ;
+--------------------+-----------+---------------+----------------------+------------------------+------------+---------------------------------------+
; Multiplexer Inputs ; Bus Width ; Baseline Area ; Area if Restructured ; Saving if Restructured ; Registered ; Example Multiplexer Output            ;
+--------------------+-----------+---------------+----------------------+------------------------+------------+---------------------------------------+
; 4:1                ; 4 bits    ; 8 ALUTs       ; 4 ALUTs              ; 4 ALUTs                ; Yes        ; |cpu|RegistratorZ:regz|out[0]         ;
; 8:1                ; 5 bits    ; 25 ALUTs      ; 15 ALUTs             ; 10 ALUTs               ; Yes        ; |cpu|UnidadeDeControle:controle|Tx[0] ;
+--------------------+-----------+---------------+----------------------+------------------------+------------+---------------------------------------+


+-------------------------------------------------------------------------+
; Parameter Settings for User Entity Instance: UnidadeDeControle:controle ;
+----------------+-------+------------------------------------------------+
; Parameter Name ; Value ; Type                                           ;
+----------------+-------+------------------------------------------------+
; HOLD           ; 000   ; Unsigned Binary                                ;
; LOAD           ; 001   ; Unsigned Binary                                ;
; SHIFTR         ; 010   ; Unsigned Binary                                ;
; SHIFTL         ; 011   ; Unsigned Binary                                ;
; RESET          ; 100   ; Unsigned Binary                                ;
+----------------+-------+------------------------------------------------+
Note: In order to hide this table in the UI and the text report file, please set the "Show Parameter Settings Tables in Synthesis Report" option in "Analysis and Synthesis Settings -> More Settings" to "Off".


+----------------------------------------------------------------+
; Parameter Settings for User Entity Instance: RegistratorX:regx ;
+----------------+-------+---------------------------------------+
; Parameter Name ; Value ; Type                                  ;
+----------------+-------+---------------------------------------+
; HOLD           ; 000   ; Unsigned Binary                       ;
; LOAD           ; 001   ; Unsigned Binary                       ;
; SHIFTR         ; 010   ; Unsigned Binary                       ;
; SHIFTL         ; 011   ; Unsigned Binary                       ;
; RESET          ; 100   ; Unsigned Binary                       ;
+----------------+-------+---------------------------------------+
Note: In order to hide this table in the UI and the text report file, please set the "Show Parameter Settings Tables in Synthesis Report" option in "Analysis and Synthesis Settings -> More Settings" to "Off".


+----------------------------------------------------------------+
; Parameter Settings for User Entity Instance: RegistratorY:regy ;
+----------------+-------+---------------------------------------+
; Parameter Name ; Value ; Type                                  ;
+----------------+-------+---------------------------------------+
; HOLD           ; 000   ; Unsigned Binary                       ;
; LOAD           ; 001   ; Unsigned Binary                       ;
; SHIFTR         ; 010   ; Unsigned Binary                       ;
; SHIFTL         ; 011   ; Unsigned Binary                       ;
; RESET          ; 100   ; Unsigned Binary                       ;
+----------------+-------+---------------------------------------+
Note: In order to hide this table in the UI and the text report file, please set the "Show Parameter Settings Tables in Synthesis Report" option in "Analysis and Synthesis Settings -> More Settings" to "Off".


+----------------------------------------------------------------+
; Parameter Settings for User Entity Instance: RegistratorZ:regz ;
+----------------+-------+---------------------------------------+
; Parameter Name ; Value ; Type                                  ;
+----------------+-------+---------------------------------------+
; HOLD           ; 000   ; Unsigned Binary                       ;
; LOAD           ; 001   ; Unsigned Binary                       ;
; SHIFTR         ; 010   ; Unsigned Binary                       ;
; SHIFTL         ; 011   ; Unsigned Binary                       ;
; RESET          ; 100   ; Unsigned Binary                       ;
+----------------+-------+---------------------------------------+
Note: In order to hide this table in the UI and the text report file, please set the "Show Parameter Settings Tables in Synthesis Report" option in "Analysis and Synthesis Settings -> More Settings" to "Off".


+-------------------------------------------------------------------------------------------------------------------------------------------------------------------------------------------------------------+
; Port Connectivity Checks: "memory:memoria"                                                                                                                                                                  ;
+-------+-------+----------+----------------------------------------------------------------------------------------------------------------------------------------------------------------------------------+
; Port  ; Type  ; Severity ; Details                                                                                                                                                                          ;
+-------+-------+----------+----------------------------------------------------------------------------------------------------------------------------------------------------------------------------------+
; count ; Input ; Warning  ; Input port expression (4 bits) is wider than the input port (3 bits) it drives.  The 1 most-significant bit(s) in the expression will be dangling if they have no other fanouts. ;
+-------+-------+----------+----------------------------------------------------------------------------------------------------------------------------------------------------------------------------------+


+-------------------------------+
; Analysis & Synthesis Messages ;
+-------------------------------+
Info: *******************************************************************
Info: Running Quartus II Analysis & Synthesis
    Info: Version 9.1 Build 350 03/24/2010 Service Pack 2 SJ Web Edition
    Info: Processing started: Fri Jun 28 21:13:47 2019
Info: Command: quartus_map --read_settings_files=on --write_settings_files=off cpuVERILOG -c cpuVERILOG
Info: Found 1 design units, including 1 entities, in source file ula.v
    Info: Found entity 1: ula
Info: Found 1 design units, including 1 entities, in source file unidadedecontrole.v
    Info: Found entity 1: UnidadeDeControle
Info: Found 1 design units, including 1 entities, in source file registratorx.v
    Info: Found entity 1: RegistratorX
Info: Found 1 design units, including 1 entities, in source file registratory.v
    Info: Found entity 1: RegistratorY
Info: Found 1 design units, including 1 entities, in source file registratorz.v
    Info: Found entity 1: RegistratorZ
Info: Found 1 design units, including 1 entities, in source file memory.v
    Info: Found entity 1: memory
Info: Found 1 design units, including 1 entities, in source file cpu.v
    Info: Found entity 1: cpu
Info: Elaborating entity "cpu" for the top level hierarchy
Warning (10230): Verilog HDL assignment warning at cpu.v(18): truncated value with size 32 to match size of target (4)
Info: Elaborating entity "memory" for hierarchy "memory:memoria"
Warning (10270): Verilog HDL Case Statement warning at memory.v(8): incomplete case statement has no default case item
Warning (10240): Verilog HDL Always Construct warning at memory.v(8): inferring latch(es) for variable "Opcode", which holds its previous value in one or more paths through the always construct
Warning (10240): Verilog HDL Always Construct warning at memory.v(8): inferring latch(es) for variable "in", which holds its previous value in one or more paths through the always construct
Info (10041): Inferred latch for "in[0]" at memory.v(8)
Info (10041): Inferred latch for "in[1]" at memory.v(8)
Info (10041): Inferred latch for "in[2]" at memory.v(8)
Info (10041): Inferred latch for "in[3]" at memory.v(8)
Info (10041): Inferred latch for "Opcode[0]" at memory.v(8)
Info (10041): Inferred latch for "Opcode[1]" at memory.v(8)
Info (10041): Inferred latch for "Opcode[2]" at memory.v(8)
Info: Elaborating entity "UnidadeDeControle" for hierarchy "UnidadeDeControle:controle"
Info: Elaborating entity "RegistratorX" for hierarchy "RegistratorX:regx"
Info: Elaborating entity "RegistratorY" for hierarchy "RegistratorY:regy"
Info: Elaborating entity "ula" for hierarchy "ula:ulaula"
Warning (10230): Verilog HDL assignment warning at ula.v(15): truncated value with size 32 to match size of target (4)
Warning (10240): Verilog HDL Always Construct warning at ula.v(9): inferring latch(es) for variable "outula", which holds its previous value in one or more paths through the always construct
Warning (10240): Verilog HDL Always Construct warning at ula.v(9): inferring latch(es) for variable "status", which holds its previous value in one or more paths through the always construct
Info (10041): Inferred latch for "status" at ula.v(9)
Info (10041): Inferred latch for "outula[0]" at ula.v(9)
Info (10041): Inferred latch for "outula[1]" at ula.v(9)
Info (10041): Inferred latch for "outula[2]" at ula.v(9)
Info (10041): Inferred latch for "outula[3]" at ula.v(9)
Info: Elaborating entity "RegistratorZ" for hierarchy "RegistratorZ:regz"
Warning: LATCH primitive "ula:ulaula|outula[1]" is permanently enabled
Warning: LATCH primitive "ula:ulaula|outula[0]" is permanently enabled
Warning: LATCH primitive "ula:ulaula|outula[3]" is permanently enabled
Warning: LATCH primitive "ula:ulaula|outula[2]" is permanently enabled
Warning: LATCH primitive "ula:ulaula|status" is permanently disabled
Warning: 1 hierarchies have connectivity warnings - see the Connectivity Checks report folder
Warning: Latch memory:memoria|Opcode[1] has unsafe behavior
    Warning: Ports D and ENA on the latch are fed by the same signal count[1]~reg0
Warning: Latch memory:memoria|Opcode[2] has unsafe behavior
    Warning: Ports D and ENA on the latch are fed by the same signal count[2]~reg0
Warning: Latch memory:memoria|in[1] has unsafe behavior
    Warning: Ports D and ENA on the latch are fed by the same signal count[1]~reg0
Warning: Latch memory:memoria|in[2] has unsafe behavior
    Warning: Ports D and ENA on the latch are fed by the same signal count[0]~reg0
Warning: Output pins are stuck at VCC or GND
    Warning (13410): Pin "in[0]" is stuck at GND
    Warning (13410): Pin "in[3]" is stuck at GND
    Warning (13410): Pin "outx[0]" is stuck at GND
    Warning (13410): Pin "outx[3]" is stuck at GND
    Warning (13410): Pin "status" is stuck at GND
    Warning (13410): Pin "tula[0]" is stuck at GND
    Warning (13410): Pin "tula[1]" is stuck at GND
    Warning (13410): Pin "tula[2]" is stuck at GND
    Warning (13410): Pin "Tx[1]" is stuck at GND
    Warning (13410): Pin "Tx[2]" is stuck at GND
    Warning (13410): Pin "Tz[1]" is stuck at GND
Warning: Ignored assignments for entity "cpuVERILOG" -- entity does not exist in design
    Warning: Assignment for entity set_global_assignment -name LL_ROOT_REGION ON -entity cpuVERILOG -section_id "Root Region" was ignored
    Warning: Assignment for entity set_global_assignment -name LL_MEMBER_STATE LOCKED -entity cpuVERILOG -section_id "Root Region" was ignored
Info: Implemented 74 device resources after synthesis - the final resource count might be different
    Info: Implemented 1 input pins
    Info: Implemented 40 output pins
    Info: Implemented 33 logic cells
Info: Quartus II Analysis & Synthesis was successful. 0 errors, 36 warnings
    Info: Peak virtual memory: 243 megabytes
    Info: Processing ended: Fri Jun 28 21:13:48 2019
    Info: Elapsed time: 00:00:01
    Info: Total CPU time (on all processors): 00:00:01


